2022-06-26 11:12:10,089 [Worker-0] INFO  c.g.t.t.d.PublishedGradleVersions - Gradle version information cache is up-to-date. Trying to read.
2022-06-26 11:13:02,747 [Worker-5] INFO  o.e.m.c.i.p.ProjectConfigurationManager - Collecting project info '/pom.xml' D:\COURSES\3Java\practice ee\NoteTakery\NotesTaker\pom.xml
2022-06-26 11:13:08,877 [Worker-5] INFO  o.e.m.c.i.l.LifecycleMappingFactory - Using org.maven.ide.eclipse.wtp.WarLifecycleMapping lifecycle mapping for MavenProject: com.notes:NotesTaker:0.0.1-SNAPSHOT @ D:\COURSES\3Java\practice ee\NoteTakery\NotesTaker\pom.xml.
2022-06-26 11:13:11,585 [Worker-5] INFO  o.e.m.j.i.AbstractJavaProjectConfigurator - Adding source folder /NotesTaker/src/main/java
2022-06-26 11:13:11,587 [Worker-5] INFO  o.e.m.j.i.AbstractJavaProjectConfigurator - Adding resource folder /NotesTaker/src/main/resources
2022-06-26 11:13:11,588 [Worker-5] INFO  o.e.m.j.i.AbstractJavaProjectConfigurator - Adding source folder /NotesTaker/src/test/java
2022-06-26 11:13:17,160 [Worker-5] INFO  o.e.m.c.i.p.ProjectConfigurationManager - Imported and configured 1 project(s) in 14 sec
2022-06-26 11:13:18,270 [Worker-20] WARN  o.e.m.c.i.embedder.EclipseLogger - Using platform encoding (Cp1252 actually) to copy filtered resources, i.e. build is platform dependent!
2022-06-26 11:13:18,363 [Worker-20] INFO  o.e.m.c.i.embedder.EclipseLogger - Copying 0 resource
2022-06-26 11:13:18,375 [Worker-20] WARN  o.e.m.c.i.embedder.EclipseLogger - Using platform encoding (Cp1252 actually) to copy filtered resources, i.e. build is platform dependent!
2022-06-26 11:13:18,446 [Worker-20] INFO  o.e.m.c.i.embedder.EclipseLogger - skip non existing resourceDirectory D:\COURSES\3Java\practice ee\NoteTakery\NotesTaker\src\test\resources
2022-06-26 11:13:19,003 [Worker-14] WARN  o.e.m.c.i.embedder.EclipseLogger - Using platform encoding (Cp1252 actually) to copy filtered resources, i.e. build is platform dependent!
2022-06-26 11:13:19,008 [Worker-14] INFO  o.e.m.c.i.embedder.EclipseLogger - Copying 0 resource
2022-06-26 11:13:19,011 [Worker-14] WARN  o.e.m.c.i.embedder.EclipseLogger - Using platform encoding (Cp1252 actually) to copy filtered resources, i.e. build is platform dependent!
2022-06-26 11:13:19,013 [Worker-14] INFO  o.e.m.c.i.embedder.EclipseLogger - skip non existing resourceDirectory D:\COURSES\3Java\practice ee\NoteTakery\NotesTaker\src\test\resources
2022-06-26 11:15:22,796 [Worker-9] WARN  o.e.m.c.i.embedder.EclipseLogger - Using platform encoding (Cp1252 actually) to copy filtered resources, i.e. build is platform dependent!
2022-06-26 11:15:22,801 [Worker-9] INFO  o.e.m.c.i.embedder.EclipseLogger - Copying 0 resource
2022-06-26 11:15:22,810 [Worker-9] WARN  o.e.m.c.i.embedder.EclipseLogger - Using platform encoding (Cp1252 actually) to copy filtered resources, i.e. build is platform dependent!
2022-06-26 11:15:22,813 [Worker-9] INFO  o.e.m.c.i.embedder.EclipseLogger - skip non existing resourceDirectory D:\COURSES\3Java\practice ee\NoteTakery\NotesTaker\src\test\resources
2022-06-26 11:19:54,285 [Worker-4] INFO  o.e.m.c.i.l.LifecycleMappingFactory - Using org.maven.ide.eclipse.wtp.WarLifecycleMapping lifecycle mapping for MavenProject: com.notes:NotesTaker:0.0.1-SNAPSHOT @ D:\COURSES\3Java\practice ee\NoteTakery\NotesTaker\pom.xml.
2022-06-26 11:19:56,712 [Worker-4] INFO  o.e.m.c.i.e.AbstractTransferListenerAdapter - Downloading https://repo.maven.apache.org/maven2/org/hibernate/hibernate-core/5.3.27.Final/hibernate-core-5.3.27.Final.pom
2022-06-26 11:19:57,362 [Worker-4] INFO  o.e.m.c.i.e.AbstractTransferListenerAdapter - Downloaded https://repo.maven.apache.org/maven2/org/hibernate/hibernate-core/5.3.27.Final/hibernate-core-5.3.27.Final.pom
2022-06-26 11:19:57,988 [Worker-4] INFO  o.e.m.c.i.e.AbstractTransferListenerAdapter - Downloading https://repo.maven.apache.org/maven2/org/javassist/javassist/3.27.0-GA/javassist-3.27.0-GA.pom
2022-06-26 11:19:59,098 [Worker-4] INFO  o.e.m.c.i.e.AbstractTransferListenerAdapter - Downloaded https://repo.maven.apache.org/maven2/org/javassist/javassist/3.27.0-GA/javassist-3.27.0-GA.pom
2022-06-26 11:19:59,527 [Worker-4] INFO  o.e.m.c.i.e.AbstractTransferListenerAdapter - Downloading https://repo.maven.apache.org/maven2/net/bytebuddy/byte-buddy/1.11.12/byte-buddy-1.11.12.pom
2022-06-26 11:20:01,355 [Worker-4] INFO  o.e.m.c.i.e.AbstractTransferListenerAdapter - Downloaded https://repo.maven.apache.org/maven2/net/bytebuddy/byte-buddy/1.11.12/byte-buddy-1.11.12.pom
2022-06-26 11:20:01,749 [Worker-4] INFO  o.e.m.c.i.e.AbstractTransferListenerAdapter - Downloading https://repo.maven.apache.org/maven2/net/bytebuddy/byte-buddy-parent/1.11.12/byte-buddy-parent-1.11.12.pom
2022-06-26 11:20:05,104 [Worker-4] INFO  o.e.m.c.i.e.AbstractTransferListenerAdapter - Downloaded https://repo.maven.apache.org/maven2/net/bytebuddy/byte-buddy-parent/1.11.12/byte-buddy-parent-1.11.12.pom
2022-06-26 11:20:06,135 [Worker-4] INFO  o.e.m.c.i.e.AbstractTransferListenerAdapter - Downloading https://repo.maven.apache.org/maven2/org/jboss/jandex/2.0.5.Final/jandex-2.0.5.Final.pom
2022-06-26 11:20:06,628 [Worker-4] INFO  o.e.m.c.i.e.AbstractTransferListenerAdapter - Downloaded https://repo.maven.apache.org/maven2/org/jboss/jandex/2.0.5.Final/jandex-2.0.5.Final.pom
2022-06-26 11:20:07,476 [Worker-4] INFO  o.e.m.c.i.e.AbstractTransferListenerAdapter - Downloading https://repo.maven.apache.org/maven2/org/hibernate/common/hibernate-commons-annotations/5.0.5.Final/hibernate-commons-annotations-5.0.5.Final.pom
2022-06-26 11:20:08,554 [Worker-4] INFO  o.e.m.c.i.e.AbstractTransferListenerAdapter - Downloaded https://repo.maven.apache.org/maven2/org/hibernate/common/hibernate-commons-annotations/5.0.5.Final/hibernate-commons-annotations-5.0.5.Final.pom
2022-06-26 11:20:09,598 [Worker-4] INFO  o.e.m.c.i.e.AbstractTransferListenerAdapter - Downloading https://repo.maven.apache.org/maven2/org/hibernate/hibernate-core/5.3.27.Final/hibernate-core-5.3.27.Final.jar
2022-06-26 11:26:06,220 [Worker-0] INFO  c.g.t.t.d.PublishedGradleVersions - Gradle version information cache is up-to-date. Trying to read.
2022-06-26 11:26:36,403 [Worker-6] INFO  o.e.m.c.i.e.AbstractTransferListenerAdapter - Downloading https://repo.maven.apache.org/maven2/org/hibernate/hibernate-core/5.3.27.Final/hibernate-core-5.3.27.Final.jar
2022-06-26 11:26:43,068 [Worker-5] INFO  o.e.m.c.i.e.AbstractTransferListenerAdapter - Downloading https://repo.maven.apache.org/maven2/org/hibernate/hibernate-core/5.3.27.Final/hibernate-core-5.3.27.Final.jar
2022-06-26 11:27:06,022 [Worker-4] INFO  o.e.m.c.i.e.AbstractTransferListenerAdapter - Downloading https://repo.maven.apache.org/maven2/org/hibernate/hibernate-core/5.3.27.Final/hibernate-core-5.3.27.Final.jar
2022-06-26 11:27:11,124 [Worker-19] INFO  o.e.m.c.i.l.LifecycleMappingFactory - Using org.maven.ide.eclipse.wtp.WarLifecycleMapping lifecycle mapping for MavenProject: com.notes:NotesTaker:0.0.1-SNAPSHOT @ D:\COURSES\3Java\practice ee\NoteTakery\NotesTaker\pom.xml.
2022-06-26 11:27:11,125 [Worker-16] INFO  o.e.m.c.i.l.LifecycleMappingFactory - Using org.maven.ide.eclipse.wtp.WarLifecycleMapping lifecycle mapping for MavenProject: com.notes:NotesTaker:0.0.1-SNAPSHOT @ D:\COURSES\3Java\practice ee\NoteTakery\NotesTaker\pom.xml.
2022-06-26 11:27:12,797 [Worker-16] INFO  o.e.m.c.i.e.AbstractTransferListenerAdapter - Downloading https://repo.maven.apache.org/maven2/org/hibernate/hibernate-core/5.3.27.Final/hibernate-core-5.3.27.Final.jar
2022-06-26 11:27:16,725 [Worker-19] INFO  o.e.m.c.i.e.AbstractTransferListenerAdapter - Downloading https://repo.maven.apache.org/maven2/org/hibernate/hibernate-core/5.3.27.Final/hibernate-core-5.3.27.Final.jar
2022-06-26 11:31:02,318 [Worker-19] INFO  o.e.m.c.i.e.AbstractTransferListenerAdapter - Downloaded https://repo.maven.apache.org/maven2/org/hibernate/hibernate-core/5.3.27.Final/hibernate-core-5.3.27.Final.jar
2022-06-26 11:31:02,519 [Worker-19] INFO  o.e.m.c.i.e.AbstractTransferListenerAdapter - Downloading https://repo.maven.apache.org/maven2/org/javassist/javassist/3.27.0-GA/javassist-3.27.0-GA.jar
2022-06-26 11:31:03,876 [Worker-19] INFO  o.e.m.c.i.e.AbstractTransferListenerAdapter - Downloaded https://repo.maven.apache.org/maven2/org/javassist/javassist/3.27.0-GA/javassist-3.27.0-GA.jar
2022-06-26 11:39:10,047 [Worker-0] INFO  c.g.t.t.d.PublishedGradleVersions - Gradle version information cache is up-to-date. Trying to read.
2022-06-26 11:40:16,110 [Worker-14] INFO  o.e.m.c.i.l.LifecycleMappingFactory - Using org.maven.ide.eclipse.wtp.WarLifecycleMapping lifecycle mapping for MavenProject: com.notes:NotesTaker:0.0.1-SNAPSHOT @ D:\COURSES\3Java\practice ee\NoteTakery\NotesTaker\pom.xml.
2022-06-26 11:40:16,111 [Worker-5] INFO  o.e.m.c.i.l.LifecycleMappingFactory - Using org.maven.ide.eclipse.wtp.WarLifecycleMapping lifecycle mapping for MavenProject: com.notes:NotesTaker:0.0.1-SNAPSHOT @ D:\COURSES\3Java\practice ee\NoteTakery\NotesTaker\pom.xml.
2022-06-26 11:40:20,410 [Worker-5] INFO  o.e.m.c.i.e.AbstractTransferListenerAdapter - Downloading https://repo.maven.apache.org/maven2/net/bytebuddy/byte-buddy/1.11.12/byte-buddy-1.11.12.jar
2022-06-26 11:40:22,368 [Worker-14] INFO  o.e.m.c.i.e.AbstractTransferListenerAdapter - Downloading https://repo.maven.apache.org/maven2/net/bytebuddy/byte-buddy/1.11.12/byte-buddy-1.11.12.jar
